<?xml version="1.0" encoding="UTF-8"?>
<testng-results skipped="0" failed="0" ignored="0" total="1" passed="1">
  <reporter-output>
  </reporter-output>
  <suite name="Default suite" duration-ms="11910" started-at="2019-08-02T05:18:36Z" finished-at="2019-08-02T05:18:47Z">
    <groups>
    </groups>
    <test name="Default test" duration-ms="11910" started-at="2019-08-02T05:18:36Z" finished-at="2019-08-02T05:18:47Z">
      <class name="sample.FileUpload">
        <test-method status="PASS" signature="upload()[pri:0, instance:sample.FileUpload@cb5822]" name="upload" duration-ms="11855" started-at="2019-08-02T05:18:36Z" finished-at="2019-08-02T05:18:47Z">
          <reporter-output>
          </reporter-output>
        </test-method> <!-- upload -->
      </class> <!-- sample.FileUpload -->
    </test> <!-- Default test -->
  </suite> <!-- Default suite -->
</testng-results>
